This is XeTeX, Version 3.141592653-2.6-0.999995 (TeX Live 2023) (preloaded format=xelatex 2024.1.1)  18 NOV 2024 00:57
entering extended mode
 restricted \write18 enabled.
 file:line:error style messages enabled.
 %&-line parsing enabled.
**"/Users/nako/workspace/Computational physics/Homework1/structure.tex"
(/Users/nako/workspace/Computational physics/Homework1/structure.tex
LaTeX2e <2022-11-01> patch level 1
L3 programming layer <2023-02-22>

/Users/nako/workspace/Computational physics/Homework1/structure.tex:21: LaTeX Error: \usepackage before \documentclass.

See the LaTeX manual or LaTeX Companion for explanation.
Type  H <return>  for immediate help.
 ...                                              
                                                  
l.21 \usepackage{
                 lastpage} % Required to determine the last page number for ...
\usepackage may only appear in the document preamble, i.e.,
between \documentclass and \begin{document}.


/Users/nako/workspace/Computational physics/Homework1/structure.tex:23: LaTeX Error: \usepackage before \documentclass.

See the LaTeX manual or LaTeX Companion for explanation.
Type  H <return>  for immediate help.
 ...                                              
                                                  
l.23 \usepackage{
                 graphicx} % Required to insert images
\usepackage may only appear in the document preamble, i.e.,
between \documentclass and \begin{document}.


/Users/nako/workspace/Computational physics/Homework1/structure.tex:27: LaTeX Error: \usepackage before \documentclass.

See the LaTeX manual or LaTeX Companion for explanation.
Type  H <return>  for immediate help.
 ...                                              
                                                  
l.27 \usepackage[most]{
                       tcolorbox} % Required for boxes that split across pages
\usepackage may only appear in the document preamble, i.e.,
between \documentclass and \begin{document}.


/Users/nako/workspace/Computational physics/Homework1/structure.tex:29: LaTeX Error: \usepackage before \documentclass.

See the LaTeX manual or LaTeX Companion for explanation.
Type  H <return>  for immediate help.
 ...                                              
                                                  
l.29 \usepackage{
                 booktabs} % Required for better horizontal rules in tables
\usepackage may only appear in the document preamble, i.e.,
between \documentclass and \begin{document}.


/Users/nako/workspace/Computational physics/Homework1/structure.tex:31: LaTeX Error: \usepackage before \documentclass.

See the LaTeX manual or LaTeX Companion for explanation.
Type  H <return>  for immediate help.
 ...                                              
                                                  
l.31 \usepackage{
                 listings} % Required for insertion of code
\usepackage may only appear in the document preamble, i.e.,
between \documentclass and \begin{document}.


/Users/nako/workspace/Computational physics/Homework1/structure.tex:33: LaTeX Error: \usepackage before \documentclass.

See the LaTeX manual or LaTeX Companion for explanation.
Type  H <return>  for immediate help.
 ...                                              
                                                  
l.33 \usepackage{
                 etoolbox} % Required for if statements
\usepackage may only appear in the document preamble, i.e.,
between \documentclass and \begin{document}.


/Users/nako/workspace/Computational physics/Homework1/structure.tex:40: LaTeX Error: \usepackage before \documentclass.

See the LaTeX manual or LaTeX Companion for explanation.
Type  H <return>  for immediate help.
 ...                                              
                                                  
l.40 \usepackage{
                 geometry} % Required for adjusting page dimensions and margins
\usepackage may only appear in the document preamble, i.e.,
between \documentclass and \begin{document}.

/Users/nako/workspace/Computational physics/Homework1/structure.tex:42: Undefined control sequence.
l.42 \geometry
              {
The control sequence at the end of the top line
of your error message was never \def'ed. If you have
misspelled it (e.g., `\hobx'), type `I' and the correct
spelling (e.g., `I\hbox'). Otherwise just continue,
and I'll forget about whatever was undefined.


/Users/nako/workspace/Computational physics/Homework1/structure.tex:43: LaTeX Error: Missing \begin{document}.

See the LaTeX manual or LaTeX Companion for explanation.
Type  H <return>  for immediate help.
 ...                                              
                                                  
l.43 ^^Ip
         aper=a4paper, % Change to letterpaper for US letter
You're in trouble here.  Try typing  <return>  to proceed.
If that doesn't work, type  X <return>  to quit.

Missing character: There is no p ("70) in font nullfont!
Missing character: There is no a ("61) in font nullfont!
Missing character: There is no p ("70) in font nullfont!
Missing character: There is no e ("65) in font nullfont!
Missing character: There is no r ("72) in font nullfont!
Missing character: There is no = ("3D) in font nullfont!
Missing character: There is no a ("61) in font nullfont!
Missing character: There is no 4 ("34) in font nullfont!
Missing character: There is no p ("70) in font nullfont!
Missing character: There is no a ("61) in font nullfont!
Missing character: There is no p ("70) in font nullfont!
Missing character: There is no e ("65) in font nullfont!
Missing character: There is no r ("72) in font nullfont!
Missing character: There is no , ("2C) in font nullfont!
Missing character: There is no t ("74) in font nullfont!
Missing character: There is no o ("6F) in font nullfont!
Missing character: There is no p ("70) in font nullfont!
Missing character: There is no = ("3D) in font nullfont!
Missing character: There is no 3 ("33) in font nullfont!
Missing character: There is no c ("63) in font nullfont!
Missing character: There is no m ("6D) in font nullfont!
Missing character: There is no , ("2C) in font nullfont!
Missing character: There is no b ("62) in font nullfont!
Missing character: There is no o ("6F) in font nullfont!
Missing character: There is no t ("74) in font nullfont!
Missing character: There is no t ("74) in font nullfont!
Missing character: There is no o ("6F) in font nullfont!
Missing character: There is no m ("6D) in font nullfont!
Missing character: There is no = ("3D) in font nullfont!
Missing character: There is no 3 ("33) in font nullfont!
Missing character: There is no c ("63) in font nullfont!
Missing character: There is no m ("6D) in font nullfont!
Missing character: There is no , ("2C) in font nullfont!
Missing character: There is no l ("6C) in font nullfont!
Missing character: There is no e ("65) in font nullfont!
Missing character: There is no f ("66) in font nullfont!
Missing character: There is no t ("74) in font nullfont!
Missing character: There is no = ("3D) in font nullfont!
Missing character: There is no 2 ("32) in font nullfont!
Missing character: There is no . ("2E) in font nullfont!
Missing character: There is no 5 ("35) in font nullfont!
Missing character: There is no c ("63) in font nullfont!
Missing character: There is no m ("6D) in font nullfont!
Missing character: There is no , ("2C) in font nullfont!
Missing character: There is no r ("72) in font nullfont!
Missing character: There is no i ("69) in font nullfont!
Missing character: There is no g ("67) in font nullfont!
Missing character: There is no h ("68) in font nullfont!
Missing character: There is no t ("74) in font nullfont!
Missing character: There is no = ("3D) in font nullfont!
Missing character: There is no 2 ("32) in font nullfont!
Missing character: There is no . ("2E) in font nullfont!
Missing character: There is no 5 ("35) in font nullfont!
Missing character: There is no c ("63) in font nullfont!
Missing character: There is no m ("6D) in font nullfont!
Missing character: There is no , ("2C) in font nullfont!
Missing character: There is no h ("68) in font nullfont!
Missing character: There is no e ("65) in font nullfont!
Missing character: There is no a ("61) in font nullfont!
Missing character: There is no d ("64) in font nullfont!
Missing character: There is no h ("68) in font nullfont!
Missing character: There is no e ("65) in font nullfont!
Missing character: There is no i ("69) in font nullfont!
Missing character: There is no g ("67) in font nullfont!
Missing character: There is no h ("68) in font nullfont!
Missing character: There is no t ("74) in font nullfont!
Missing character: There is no = ("3D) in font nullfont!
Missing character: There is no 1 ("31) in font nullfont!
Missing character: There is no 4 ("34) in font nullfont!
Missing character: There is no p ("70) in font nullfont!
Missing character: There is no t ("74) in font nullfont!
Missing character: There is no , ("2C) in font nullfont!
Missing character: There is no f ("66) in font nullfont!
Missing character: There is no o ("6F) in font nullfont!
Missing character: There is no o ("6F) in font nullfont!
Missing character: There is no t ("74) in font nullfont!
Missing character: There is no s ("73) in font nullfont!
Missing character: There is no k ("6B) in font nullfont!
Missing character: There is no i ("69) in font nullfont!
Missing character: There is no p ("70) in font nullfont!
Missing character: There is no = ("3D) in font nullfont!
Missing character: There is no 1 ("31) in font nullfont!
Missing character: There is no . ("2E) in font nullfont!
Missing character: There is no 4 ("34) in font nullfont!
Missing character: There is no c ("63) in font nullfont!
Missing character: There is no m ("6D) in font nullfont!
Missing character: There is no , ("2C) in font nullfont!
Missing character: There is no h ("68) in font nullfont!
Missing character: There is no e ("65) in font nullfont!
Missing character: There is no a ("61) in font nullfont!
Missing character: There is no d ("64) in font nullfont!
Missing character: There is no s ("73) in font nullfont!
Missing character: There is no e ("65) in font nullfont!
Missing character: There is no p ("70) in font nullfont!
Missing character: There is no = ("3D) in font nullfont!
Missing character: There is no 1 ("31) in font nullfont!
Missing character: There is no . ("2E) in font nullfont!
Missing character: There is no 2 ("32) in font nullfont!
Missing character: There is no c ("63) in font nullfont!
Missing character: There is no m ("6D) in font nullfont!
Missing character: There is no , ("2C) in font nullfont!

/Users/nako/workspace/Computational physics/Homework1/structure.tex:58: LaTeX Error: \usepackage before \documentclass.

See the LaTeX manual or LaTeX Companion for explanation.
Type  H <return>  for immediate help.
 ...                                              
                                                  
l.58 \usepackage[utf8]{
                       inputenc} % Required for inputting international char...
\usepackage may only appear in the document preamble, i.e.,
between \documentclass and \begin{document}.


/Users/nako/workspace/Computational physics/Homework1/structure.tex:59: LaTeX Error: \usepackage before \documentclass.

See the LaTeX manual or LaTeX Companion for explanation.
Type  H <return>  for immediate help.
 ...                                              
                                                  
l.59 \usepackage[T1]{
                     fontenc} % Output font encoding for international chara...
\usepackage may only appear in the document preamble, i.e.,
between \documentclass and \begin{document}.


/Users/nako/workspace/Computational physics/Homework1/structure.tex:61: LaTeX Error: \usepackage before \documentclass.

See the LaTeX manual or LaTeX Companion for explanation.
Type  H <return>  for immediate help.
 ...                                              
                                                  
l.61 \usepackage[sfdefault,light]{
                                  roboto} % Use the Roboto font
\usepackage may only appear in the document preamble, i.e.,
between \documentclass and \begin{document}.


/Users/nako/workspace/Computational physics/Homework1/structure.tex:67: LaTeX Error: \usepackage before \documentclass.

See the LaTeX manual or LaTeX Companion for explanation.
Type  H <return>  for immediate help.
 ...                                              
                                                  
l.67 \usepackage{
                 fancyhdr} % Required for customising headers and footers
\usepackage may only appear in the document preamble, i.e.,
between \documentclass and \begin{document}.

/Users/nako/workspace/Computational physics/Homework1/structure.tex:69: Undefined control sequence.
<argument> \undefinedpagestyle 
                               
l.69 \pagestyle{fancy}
                       % Enable custom headers and footers
The control sequence at the end of the top line
of your error message was never \def'ed. If you have
misspelled it (e.g., `\hobx'), type `I' and the correct
spelling (e.g., `I\hbox'). Otherwise just continue,
and I'll forget about whatever was undefined.

/Users/nako/workspace/Computational physics/Homework1/structure.tex:71: Undefined control sequence.
l.71 \lhead
           {\small\assignmentClass\ifdef{\assignmentClassInstructor}{\ (\ass...
The control sequence at the end of the top line
of your error message was never \def'ed. If you have
misspelled it (e.g., `\hobx'), type `I' and the correct
spelling (e.g., `I\hbox'). Otherwise just continue,
and I'll forget about whatever was undefined.

/Users/nako/workspace/Computational physics/Homework1/structure.tex:71: Undefined control sequence.
l.71 \lhead{\small
                  \assignmentClass\ifdef{\assignmentClassInstructor}{\ (\ass...
The control sequence at the end of the top line
of your error message was never \def'ed. If you have
misspelled it (e.g., `\hobx'), type `I' and the correct
spelling (e.g., `I\hbox'). Otherwise just continue,
and I'll forget about whatever was undefined.

/Users/nako/workspace/Computational physics/Homework1/structure.tex:71: Undefined control sequence.
l.71 \lhead{\small\assignmentClass
                                  \ifdef{\assignmentClassInstructor}{\ (\ass...
The control sequence at the end of the top line
of your error message was never \def'ed. If you have
misspelled it (e.g., `\hobx'), type `I' and the correct
spelling (e.g., `I\hbox'). Otherwise just continue,
and I'll forget about whatever was undefined.

/Users/nako/workspace/Computational physics/Homework1/structure.tex:71: Undefined control sequence.
l.71 \lhead{\small\assignmentClass\ifdef
                                        {\assignmentClassInstructor}{\ (\ass...
The control sequence at the end of the top line
of your error message was never \def'ed. If you have
misspelled it (e.g., `\hobx'), type `I' and the correct
spelling (e.g., `I\hbox'). Otherwise just continue,
and I'll forget about whatever was undefined.

/Users/nako/workspace/Computational physics/Homework1/structure.tex:71: Undefined control sequence.
l.71 ...mentClass\ifdef{\assignmentClassInstructor
                                                  }{\ (\assignmentClassInstr...
The control sequence at the end of the top line
of your error message was never \def'ed. If you have
misspelled it (e.g., `\hobx'), type `I' and the correct
spelling (e.g., `I\hbox'). Otherwise just continue,
and I'll forget about whatever was undefined.


/Users/nako/workspace/Computational physics/Homework1/structure.tex:71: LaTeX Error: Missing \begin{document}.

See the LaTeX manual or LaTeX Companion for explanation.
Type  H <return>  for immediate help.
 ...                                              
                                                  
l.71 ...Class\ifdef{\assignmentClassInstructor}{\ 
                                                  (\assignmentClassInstructo...
You're in trouble here.  Try typing  <return>  to proceed.
If that doesn't work, type  X <return>  to quit.

Missing character: There is no ( ("28) in font nullfont!
/Users/nako/workspace/Computational physics/Homework1/structure.tex:71: Undefined control sequence.
l.71 ...sInstructor}{\ (\assignmentClassInstructor
                                                  ):}{}\ \assignmentTitle} %...
The control sequence at the end of the top line
of your error message was never \def'ed. If you have
misspelled it (e.g., `\hobx'), type `I' and the correct
spelling (e.g., `I\hbox'). Otherwise just continue,
and I'll forget about whatever was undefined.

Missing character: There is no ) ("29) in font nullfont!
Missing character: There is no : ("3A) in font nullfont!
/Users/nako/workspace/Computational physics/Homework1/structure.tex:71: Undefined control sequence.
l.71 ...mentClassInstructor):}{}\ \assignmentTitle
                                                  } % Left header; output th...
The control sequence at the end of the top line
of your error message was never \def'ed. If you have
misspelled it (e.g., `\hobx'), type `I' and the correct
spelling (e.g., `I\hbox'). Otherwise just continue,
and I'll forget about whatever was undefined.

/Users/nako/workspace/Computational physics/Homework1/structure.tex:72: Undefined control sequence.
l.72 \chead
           {} % Centre header
The control sequence at the end of the top line
of your error message was never \def'ed. If you have
misspelled it (e.g., `\hobx'), type `I' and the correct
spelling (e.g., `I\hbox'). Otherwise just continue,
and I'll forget about whatever was undefined.

/Users/nako/workspace/Computational physics/Homework1/structure.tex:73: Undefined control sequence.
l.73 \rhead
           {\small\ifdef{\assignmentAuthorName}{\assignmentAuthorName}{\ifde...
The control sequence at the end of the top line
of your error message was never \def'ed. If you have
misspelled it (e.g., `\hobx'), type `I' and the correct
spelling (e.g., `I\hbox'). Otherwise just continue,
and I'll forget about whatever was undefined.

/Users/nako/workspace/Computational physics/Homework1/structure.tex:73: Undefined control sequence.
l.73 \rhead{\small
                  \ifdef{\assignmentAuthorName}{\assignmentAuthorName}{\ifde...
The control sequence at the end of the top line
of your error message was never \def'ed. If you have
misspelled it (e.g., `\hobx'), type `I' and the correct
spelling (e.g., `I\hbox'). Otherwise just continue,
and I'll forget about whatever was undefined.

/Users/nako/workspace/Computational physics/Homework1/structure.tex:73: Undefined control sequence.
l.73 \rhead{\small\ifdef
                        {\assignmentAuthorName}{\assignmentAuthorName}{\ifde...
The control sequence at the end of the top line
of your error message was never \def'ed. If you have
misspelled it (e.g., `\hobx'), type `I' and the correct
spelling (e.g., `I\hbox'). Otherwise just continue,
and I'll forget about whatever was undefined.

/Users/nako/workspace/Computational physics/Homework1/structure.tex:73: Undefined control sequence.
l.73 \rhead{\small\ifdef{\assignmentAuthorName
                                              }{\assignmentAuthorName}{\ifde...
The control sequence at the end of the top line
of your error message was never \def'ed. If you have
misspelled it (e.g., `\hobx'), type `I' and the correct
spelling (e.g., `I\hbox'). Otherwise just continue,
and I'll forget about whatever was undefined.

/Users/nako/workspace/Computational physics/Homework1/structure.tex:73: Undefined control sequence.
l.73 ...ssignmentAuthorName}{\assignmentAuthorName
                                                  }{\ifdef{\assignmentDueDat...
The control sequence at the end of the top line
of your error message was never \def'ed. If you have
misspelled it (e.g., `\hobx'), type `I' and the correct
spelling (e.g., `I\hbox'). Otherwise just continue,
and I'll forget about whatever was undefined.

/Users/nako/workspace/Computational physics/Homework1/structure.tex:73: Undefined control sequence.
l.73 ...tAuthorName}{\assignmentAuthorName}{\ifdef
                                                  {\assignmentDueDate}{Due\ ...
The control sequence at the end of the top line
of your error message was never \def'ed. If you have
misspelled it (e.g., `\hobx'), type `I' and the correct
spelling (e.g., `I\hbox'). Otherwise just continue,
and I'll forget about whatever was undefined.

/Users/nako/workspace/Computational physics/Homework1/structure.tex:73: Undefined control sequence.
l.73 ...nmentAuthorName}{\ifdef{\assignmentDueDate
                                                  }{Due\ \assignmentDueDate}...
The control sequence at the end of the top line
of your error message was never \def'ed. If you have
misspelled it (e.g., `\hobx'), type `I' and the correct
spelling (e.g., `I\hbox'). Otherwise just continue,
and I'll forget about whatever was undefined.

Missing character: There is no D ("44) in font nullfont!
Missing character: There is no u ("75) in font nullfont!
Missing character: There is no e ("65) in font nullfont!
/Users/nako/workspace/Computational physics/Homework1/structure.tex:73: Undefined control sequence.
l.73 ...assignmentDueDate}{Due\ \assignmentDueDate
                                                  }{}}} % Right header; outp...
The control sequence at the end of the top line
of your error message was never \def'ed. If you have
misspelled it (e.g., `\hobx'), type `I' and the correct
spelling (e.g., `I\hbox'). Otherwise just continue,
and I'll forget about whatever was undefined.

/Users/nako/workspace/Computational physics/Homework1/structure.tex:75: Undefined control sequence.
l.75 \lfoot
           {} % Left footer
The control sequence at the end of the top line
of your error message was never \def'ed. If you have
misspelled it (e.g., `\hobx'), type `I' and the correct
spelling (e.g., `I\hbox'). Otherwise just continue,
and I'll forget about whatever was undefined.

/Users/nako/workspace/Computational physics/Homework1/structure.tex:76: Undefined control sequence.
l.76 \cfoot
           {\small Page\ \thepage\ of\ \pageref{LastPage}} % Centre footer
The control sequence at the end of the top line
of your error message was never \def'ed. If you have
misspelled it (e.g., `\hobx'), type `I' and the correct
spelling (e.g., `I\hbox'). Otherwise just continue,
and I'll forget about whatever was undefined.

/Users/nako/workspace/Computational physics/Homework1/structure.tex:76: Undefined control sequence.
l.76 \cfoot{\small
                   Page\ \thepage\ of\ \pageref{LastPage}} % Centre footer
The control sequence at the end of the top line
of your error message was never \def'ed. If you have
misspelled it (e.g., `\hobx'), type `I' and the correct
spelling (e.g., `I\hbox'). Otherwise just continue,
and I'll forget about whatever was undefined.


/Users/nako/workspace/Computational physics/Homework1/structure.tex:76: LaTeX Error: Missing \begin{document}.

See the LaTeX manual or LaTeX Companion for explanation.
Type  H <return>  for immediate help.
 ...                                              
                                                  
l.76 \cfoot{\small P
                    age\ \thepage\ of\ \pageref{LastPage}} % Centre footer
You're in trouble here.  Try typing  <return>  to proceed.
If that doesn't work, type  X <return>  to quit.

Missing character: There is no P ("50) in font nullfont!
Missing character: There is no a ("61) in font nullfont!
Missing character: There is no g ("67) in font nullfont!
Missing character: There is no e ("65) in font nullfont!
/Users/nako/workspace/Computational physics/Homework1/structure.tex:76: Undefined control sequence.
l.76 \cfoot{\small Page\ \thepage
                                 \ of\ \pageref{LastPage}} % Centre footer
The control sequence at the end of the top line
of your error message was never \def'ed. If you have
misspelled it (e.g., `\hobx'), type `I' and the correct
spelling (e.g., `I\hbox'). Otherwise just continue,
and I'll forget about whatever was undefined.

Missing character: There is no o ("6F) in font nullfont!
Missing character: There is no f ("66) in font nullfont!
/Users/nako/workspace/Computational physics/Homework1/structure.tex:76: Undefined control sequence.
<write> ... Reference `LastPage' on page \thepage 
                                                  \space undefined\on@line .^^J
l.76 ...all Page\ \thepage\ of\ \pageref{LastPage}
                                                  } % Centre footer
The control sequence at the end of the top line
of your error message was never \def'ed. If you have
misspelled it (e.g., `\hobx'), type `I' and the correct
spelling (e.g., `I\hbox'). Otherwise just continue,
and I'll forget about whatever was undefined.


LaTeX Warning: Reference `LastPage' on page  undefined on input line 76.

/Users/nako/workspace/Computational physics/Homework1/structure.tex:77: Undefined control sequence.
l.77 \rfoot
           {} % Right footer
The control sequence at the end of the top line
of your error message was never \def'ed. If you have
misspelled it (e.g., `\hobx'), type `I' and the correct
spelling (e.g., `I\hbox'). Otherwise just continue,
and I'll forget about whatever was undefined.


Overfull \hbox (10.86pt too wide) in paragraph at lines 76--78
[]
 []


/Users/nako/workspace/Computational physics/Homework1/structure.tex:79: LaTeX Error: Command \headrulewidth undefined.

See the LaTeX manual or LaTeX Companion for explanation.
Type  H <return>  for immediate help.
 ...                                              
                                                  
l.79 \renewcommand\headrulewidth
                                {0.5pt} % Thickness of the header rule
Try typing  <return>  to proceed.
If that doesn't work, type  X <return>  to quit.


/Users/nako/workspace/Computational physics/Homework1/structure.tex:85: LaTeX Error: \usepackage before \documentclass.

See the LaTeX manual or LaTeX Companion for explanation.
Type  H <return>  for immediate help.
 ...                                              
                                                  
l.85 \usepackage{
                 titlesec} % Required for modifying sections
\usepackage may only appear in the document preamble, i.e.,
between \documentclass and \begin{document}.

/Users/nako/workspace/Computational physics/Homework1/structure.tex:90: Undefined control sequence.
l.90 \titleformat
                 
The control sequence at the end of the top line
of your error message was never \def'ed. If you have
misspelled it (e.g., `\hobx'), type `I' and the correct
spelling (e.g., `I\hbox'). Otherwise just continue,
and I'll forget about whatever was undefined.

/Users/nako/workspace/Computational physics/Homework1/structure.tex:91: Undefined control sequence.
l.91 {\section
              } % Section type being modified
The control sequence at the end of the top line
of your error message was never \def'ed. If you have
misspelled it (e.g., `\hobx'), type `I' and the correct
spelling (e.g., `I\hbox'). Otherwise just continue,
and I'll forget about whatever was undefined.


/Users/nako/workspace/Computational physics/Homework1/structure.tex:92: LaTeX Error: Missing \begin{document}.

See the LaTeX manual or LaTeX Companion for explanation.
Type  H <return>  for immediate help.
 ...                                              
                                                  
l.92 [
      block] % Shape type, can be: hang, block, display, runin, leftmargin, ...
You're in trouble here.  Try typing  <return>  to proceed.
If that doesn't work, type  X <return>  to quit.

Missing character: There is no [ ("5B) in font nullfont!
Missing character: There is no b ("62) in font nullfont!
Missing character: There is no l ("6C) in font nullfont!
Missing character: There is no o ("6F) in font nullfont!
Missing character: There is no c ("63) in font nullfont!
Missing character: There is no k ("6B) in font nullfont!
Missing character: There is no ] ("5D) in font nullfont!
/Users/nako/workspace/Computational physics/Homework1/structure.tex:93: Undefined control sequence.
l.93 {\Large
            \bfseries} % Format of the whole section
The control sequence at the end of the top line
of your error message was never \def'ed. If you have
misspelled it (e.g., `\hobx'), type `I' and the correct
spelling (e.g., `I\hbox'). Otherwise just continue,
and I'll forget about whatever was undefined.

/Users/nako/workspace/Computational physics/Homework1/structure.tex:94: Undefined control sequence.
l.94 {\assignmentQuestionName
                             ~\thesection} % Format of the section label
The control sequence at the end of the top line
of your error message was never \def'ed. If you have
misspelled it (e.g., `\hobx'), type `I' and the correct
spelling (e.g., `I\hbox'). Otherwise just continue,
and I'll forget about whatever was undefined.

/Users/nako/workspace/Computational physics/Homework1/structure.tex:94: Undefined control sequence.
l.94 {\assignmentQuestionName~\thesection
                                         } % Format of the section label
The control sequence at the end of the top line
of your error message was never \def'ed. If you have
misspelled it (e.g., `\hobx'), type `I' and the correct
spelling (e.g., `I\hbox'). Otherwise just continue,
and I'll forget about whatever was undefined.

Missing character: There is no 6 ("36) in font nullfont!
Missing character: There is no p ("70) in font nullfont!
Missing character: There is no t ("74) in font nullfont!
/Users/nako/workspace/Computational physics/Homework1/structure.tex:98: Undefined control sequence.
l.98 \titlespacing
                  {\section}{0pt}{0.5\baselineskip}{0.5\baselineskip} % Spac...
The control sequence at the end of the top line
of your error message was never \def'ed. If you have
misspelled it (e.g., `\hobx'), type `I' and the correct
spelling (e.g., `I\hbox'). Otherwise just continue,
and I'll forget about whatever was undefined.

/Users/nako/workspace/Computational physics/Homework1/structure.tex:98: Undefined control sequence.
l.98 \titlespacing{\section
                           }{0pt}{0.5\baselineskip}{0.5\baselineskip} % Spac...
The control sequence at the end of the top line
of your error message was never \def'ed. If you have
misspelled it (e.g., `\hobx'), type `I' and the correct
spelling (e.g., `I\hbox'). Otherwise just continue,
and I'll forget about whatever was undefined.


/Users/nako/workspace/Computational physics/Homework1/structure.tex:98: LaTeX Error: Missing \begin{document}.

See the LaTeX manual or LaTeX Companion for explanation.
Type  H <return>  for immediate help.
 ...                                              
                                                  
l.98 \titlespacing{\section}{0
                              pt}{0.5\baselineskip}{0.5\baselineskip} % Spac...
You're in trouble here.  Try typing  <return>  to proceed.
If that doesn't work, type  X <return>  to quit.

Missing character: There is no 0 ("30) in font nullfont!
Missing character: There is no p ("70) in font nullfont!
Missing character: There is no t ("74) in font nullfont!
Missing character: There is no 0 ("30) in font nullfont!
Missing character: There is no . ("2E) in font nullfont!
Missing character: There is no 5 ("35) in font nullfont!
/Users/nako/workspace/Computational physics/Homework1/structure.tex:98: Missing number, treated as zero.
<to be read again> 
                   }
l.98 ...lespacing{\section}{0pt}{0.5\baselineskip}
                                                  {0.5\baselineskip} % Spaci...
A number should have been here; I inserted `0'.
(If you can't figure out why I needed to see a number,
look up `weird error' in the index to The TeXbook.)

/Users/nako/workspace/Computational physics/Homework1/structure.tex:98: Illegal unit of measure (pt inserted).
<to be read again> 
                   }
l.98 ...lespacing{\section}{0pt}{0.5\baselineskip}
                                                  {0.5\baselineskip} % Spaci...
Dimensions can be in units of em, ex, in, pt, pc,
cm, mm, dd, cc, bp, or sp; but yours is a new one!
I'll assume that you meant to say pt, for printer's points.
To recover gracefully from this error, it's best to
delete the erroneous units; e.g., type `2' to delete
two letters. (See Chapter 27 of The TeXbook.)

Missing character: There is no 0 ("30) in font nullfont!
Missing character: There is no . ("2E) in font nullfont!
Missing character: There is no 5 ("35) in font nullfont!
/Users/nako/workspace/Computational physics/Homework1/structure.tex:98: Missing number, treated as zero.
<to be read again> 
                   }
l.98 ...}{0pt}{0.5\baselineskip}{0.5\baselineskip}
                                                   % Spacing around section ...
A number should have been here; I inserted `0'.
(If you can't figure out why I needed to see a number,
look up `weird error' in the index to The TeXbook.)

/Users/nako/workspace/Computational physics/Homework1/structure.tex:98: Illegal unit of measure (pt inserted).
<to be read again> 
                   }
l.98 ...}{0pt}{0.5\baselineskip}{0.5\baselineskip}
                                                   % Spacing around section ...
Dimensions can be in units of em, ex, in, pt, pc,
cm, mm, dd, cc, bp, or sp; but yours is a new one!
I'll assume that you meant to say pt, for printer's points.
To recover gracefully from this error, it's best to
delete the erroneous units; e.g., type `2' to delete
two letters. (See Chapter 27 of The TeXbook.)

/Users/nako/workspace/Computational physics/Homework1/structure.tex:103: Undefined control sequence.
l.103 \titleformat
                  
The control sequence at the end of the top line
of your error message was never \def'ed. If you have
misspelled it (e.g., `\hobx'), type `I' and the correct
spelling (e.g., `I\hbox'). Otherwise just continue,
and I'll forget about whatever was undefined.

/Users/nako/workspace/Computational physics/Homework1/structure.tex:104: Undefined control sequence.
l.104 {\subsection
                  } % Section type being modified
The control sequence at the end of the top line
of your error message was never \def'ed. If you have
misspelled it (e.g., `\hobx'), type `I' and the correct
spelling (e.g., `I\hbox'). Otherwise just continue,
and I'll forget about whatever was undefined.


/Users/nako/workspace/Computational physics/Homework1/structure.tex:105: LaTeX Error: Missing \begin{document}.

See the LaTeX manual or LaTeX Companion for explanation.
Type  H <return>  for immediate help.
 ...                                              
                                                  
l.105 [
       block] % Shape type, can be: hang, block, display, runin, leftmargin,...
You're in trouble here.  Try typing  <return>  to proceed.
If that doesn't work, type  X <return>  to quit.

Missing character: There is no [ ("5B) in font nullfont!
Missing character: There is no b ("62) in font nullfont!
Missing character: There is no l ("6C) in font nullfont!
Missing character: There is no o ("6F) in font nullfont!
Missing character: There is no c ("63) in font nullfont!
Missing character: There is no k ("6B) in font nullfont!
Missing character: There is no ] ("5D) in font nullfont!
Missing character: There is no ( ("28) in font nullfont!
/Users/nako/workspace/Computational physics/Homework1/structure.tex:107: Missing number, treated as zero.
<to be read again> 
                   \c@subsection 
l.107 {(\alph{subsection}
                         )} % Format of the section label
A number should have been here; I inserted `0'.
(If you can't figure out why I needed to see a number,
look up `weird error' in the index to The TeXbook.)

Missing character: There is no ) ("29) in font nullfont!
Missing character: There is no 4 ("34) in font nullfont!
Missing character: There is no p ("70) in font nullfont!
Missing character: There is no t ("74) in font nullfont!
/Users/nako/workspace/Computational physics/Homework1/structure.tex:111: Undefined control sequence.
l.111 \titlespacing
                   {\subsection}{0pt}{0.5\baselineskip}{0.5\baselineskip} % ...
The control sequence at the end of the top line
of your error message was never \def'ed. If you have
misspelled it (e.g., `\hobx'), type `I' and the correct
spelling (e.g., `I\hbox'). Otherwise just continue,
and I'll forget about whatever was undefined.

/Users/nako/workspace/Computational physics/Homework1/structure.tex:111: Undefined control sequence.
l.111 \titlespacing{\subsection
                               }{0pt}{0.5\baselineskip}{0.5\baselineskip} % ...
The control sequence at the end of the top line
of your error message was never \def'ed. If you have
misspelled it (e.g., `\hobx'), type `I' and the correct
spelling (e.g., `I\hbox'). Otherwise just continue,
and I'll forget about whatever was undefined.


/Users/nako/workspace/Computational physics/Homework1/structure.tex:111: LaTeX Error: Missing \begin{document}.

See the LaTeX manual or LaTeX Companion for explanation.
Type  H <return>  for immediate help.
 ...                                              
                                                  
l.111 \titlespacing{\subsection}{0
                                  pt}{0.5\baselineskip}{0.5\baselineskip} % ...
You're in trouble here.  Try typing  <return>  to proceed.
If that doesn't work, type  X <return>  to quit.

Missing character: There is no 0 ("30) in font nullfont!
Missing character: There is no p ("70) in font nullfont!
Missing character: There is no t ("74) in font nullfont!
Missing character: There is no 0 ("30) in font nullfont!
Missing character: There is no . ("2E) in font nullfont!
Missing character: There is no 5 ("35) in font nullfont!
/Users/nako/workspace/Computational physics/Homework1/structure.tex:111: Missing number, treated as zero.
<to be read again> 
                   }
l.111 ...acing{\subsection}{0pt}{0.5\baselineskip}
                                                  {0.5\baselineskip} % Spaci...
A number should have been here; I inserted `0'.
(If you can't figure out why I needed to see a number,
look up `weird error' in the index to The TeXbook.)

/Users/nako/workspace/Computational physics/Homework1/structure.tex:111: Illegal unit of measure (pt inserted).
<to be read again> 
                   }
l.111 ...acing{\subsection}{0pt}{0.5\baselineskip}
                                                  {0.5\baselineskip} % Spaci...
Dimensions can be in units of em, ex, in, pt, pc,
cm, mm, dd, cc, bp, or sp; but yours is a new one!
I'll assume that you meant to say pt, for printer's points.
To recover gracefully from this error, it's best to
delete the erroneous units; e.g., type `2' to delete
two letters. (See Chapter 27 of The TeXbook.)

Missing character: There is no 0 ("30) in font nullfont!
Missing character: There is no . ("2E) in font nullfont!
Missing character: There is no 5 ("35) in font nullfont!
/Users/nako/workspace/Computational physics/Homework1/structure.tex:111: Missing number, treated as zero.
<to be read again> 
                   }
l.111 ...{0pt}{0.5\baselineskip}{0.5\baselineskip}
                                                   % Spacing around section ...
A number should have been here; I inserted `0'.
(If you can't figure out why I needed to see a number,
look up `weird error' in the index to The TeXbook.)

/Users/nako/workspace/Computational physics/Homework1/structure.tex:111: Illegal unit of measure (pt inserted).
<to be read again> 
                   }
l.111 ...{0pt}{0.5\baselineskip}{0.5\baselineskip}
                                                   % Spacing around section ...
Dimensions can be in units of em, ex, in, pt, pc,
cm, mm, dd, cc, bp, or sp; but yours is a new one!
I'll assume that you meant to say pt, for printer's points.
To recover gracefully from this error, it's best to
delete the erroneous units; e.g., type `2' to delete
two letters. (See Chapter 27 of The TeXbook.)


/Users/nako/workspace/Computational physics/Homework1/structure.tex:113: LaTeX Error: Command \thesubsection undefined.

See the LaTeX manual or LaTeX Companion for explanation.
Type  H <return>  for immediate help.
 ...                                              
                                                  
l.113 \renewcommand\thesubsection
                                 {(\alph{subsection})}
Try typing  <return>  to proceed.
If that doesn't work, type  X <return>  to quit.

)
! Emergency stop.
<*> ...putational physics/Homework1/structure.tex"
                                                  
*** (job aborted, no legal \end found)

 
Here is how much of TeX's memory you used:
 49 strings out of 476683
 1011 string characters out of 5804048
 1842018 words of memory out of 5000000
 20390 multiletter control sequences out of 15000+600000
 512311 words of font info for 35 fonts, out of 8000000 for 9000
 1348 hyphenation exceptions out of 8191
 16i,2n,12p,287b,132s stack positions out of 10000i,1000n,20000p,200000b,200000s
No pages of output.
